<?xml version="1.0" encoding="UTF-8"?><testsuite name="nosetests" tests="6" errors="0" failures="0" skip="0"><testcase classname="test_decoder_logic.DecoderLogicTest" name="test_legacy_url_payload" time="0.000"></testcase><testcase classname="test_decoder_logic.DecoderLogicTest" name="test_opencv_only_does_not_call_zbar" time="0.000"></testcase><testcase classname="test_decoder_logic.DecoderLogicTest" name="test_pending_slot_is_replaceable" time="0.000"></testcase><testcase classname="test_decoder_logic.DecoderLogicTest" name="test_rank_and_top_three_probe_order" time="0.000"></testcase><testcase classname="test_decoder_logic.DecoderLogicTest" name="test_timeout_and_crash_fall_back_to_opencv" time="0.000"></testcase><testcase classname="test_decoder_logic.DecoderLogicTest" name="test_zbar_hit_skips_opencv" time="0.000"></testcase></testsuite>