<?xml version="1.0" encoding="UTF-8"?><testsuite name="nosetests" tests="10" errors="0" failures="0" skip="0"><testcase classname="test_qr_rotate_scan_speak_logic.QRRotateScanSpeakLogicTest" name="test_analysis_prompt_is_physical_only" time="0.000"></testcase><testcase classname="test_qr_rotate_scan_speak_logic.QRRotateScanSpeakLogicTest" name="test_directed_yaw_accumulates_across_wrap" time="0.000"></testcase><testcase classname="test_qr_rotate_scan_speak_logic.QRRotateScanSpeakLogicTest" name="test_extract_and_deduplicate_qr_results" time="0.000"></testcase><testcase classname="test_qr_rotate_scan_speak_logic.QRRotateScanSpeakLogicTest" name="test_fixed_target_and_alias" time="0.000"></testcase><testcase classname="test_qr_rotate_scan_speak_logic.QRRotateScanSpeakLogicTest" name="test_invalid_target_rejected" time="0.000"></testcase><testcase classname="test_qr_rotate_scan_speak_logic.QRRotateScanSpeakLogicTest" name="test_random_target_is_seeded_and_valid" time="0.000"></testcase><testcase classname="test_qr_rotate_scan_speak_logic.QRRotateScanSpeakLogicTest" name="test_run_uses_offset_second_round_then_completes" time="0.000"></testcase><testcase classname="test_qr_rotate_scan_speak_logic.QRRotateScanSpeakLogicTest" name="test_stop_and_timeout_guards" time="0.000"></testcase><testcase classname="test_qr_rotate_scan_speak_logic.QRRotateScanSpeakLogicTest" name="test_validate_analysis" time="0.000"></testcase><testcase classname="test_qr_rotate_scan_speak_logic.QRRotateScanSpeakLogicTest" name="test_validate_rejects_outside_item_and_wrong_category" time="0.000"></testcase></testsuite>